<?xml version="1.0" encoding="UTF-8"?>
<!-- Generated by org.testng.reporters.JUnitReportReporter -->
<testsuite hostname="LAPTOP-AI2V30RF" failures="0" tests="1" name="Frameworks.BlazeDemoTest" time="1.657" errors="0" timestamp="2022-08-21T21:44:53 IST" skipped="0">
  <testcase classname="Frameworks.BlazeDemoTest" name="verifyThatApplicationDisplaysCorrectDepartureAndDropdownInFlightOptionsPage" time="1.657"/>
  <system-out/>
</testsuite> <!-- Frameworks.BlazeDemoTest -->
