<?xml version="1.0" encoding="UTF-8"?>
<!-- Generated by org.testng.reporters.JUnitReportReporter -->
<testsuite hostname="LAPTOP-AI2V30RF" failures="0" tests="2" name="Frameworks.BlazeDemoLoginTest" time="15.265" errors="0" timestamp="2022-08-31T13:48:23 IST" skipped="0">
  <testcase classname="Frameworks.BlazeDemoLoginTest" name="verifyForgotPasswordPageIsOpeningUponClickingOnForgotPasswordButton" time="9.466"/>
  <system-out/>
  <testcase classname="Frameworks.BlazeDemoLoginTest" name="verifyApplicationDisplaysPageExpiredUponLoggingIn" time="5.799"/>
  <system-out/>
</testsuite> <!-- Frameworks.BlazeDemoLoginTest -->
