<?xml version="1.0" encoding="UTF-8"?>
<!-- Generated by org.testng.reporters.JUnitReportReporter -->
<testsuite hostname="LAPTOP-AI2V30RF" failures="0" tests="1" name="Frameworks.BlazeDemoTest" time="17.690" errors="0" timestamp="2022-08-21T15:07:50 IST" skipped="0">
  <testcase classname="Frameworks.BlazeDemoTest" name="deleteMe" time="17.690"/>
  <system-out/>
</testsuite> <!-- Frameworks.BlazeDemoTest -->
