<?xml version="1.0" encoding="UTF-8"?>
<!-- Generated by org.testng.reporters.JUnitReportReporter -->
<testsuite hostname="LAPTOP-AI2V30RF" failures="0" tests="4" name="Frameworks.tests.BlazeDemoLoginTest" time="32.463" errors="0" timestamp="2022-08-31T22:22:22 IST" skipped="0">
  <testcase classname="Frameworks.tests.BlazeDemoLoginTest" name="verifyForgotPasswordPageIsOpeningUponClickingOnForgotPasswordButton" time="9.059"/>
  <system-out/>
  <testcase classname="Frameworks.tests.BlazeDemoLoginTest" name="verifyJsonTestDataTestCase" time="7.246"/>
  <system-out/>
  <testcase classname="Frameworks.tests.BlazeDemoLoginTest" name="verifyJsonTestDataTestCase" time="6.945"/>
  <system-out/>
  <testcase classname="Frameworks.tests.BlazeDemoLoginTest" name="verifyApplicationDisplaysPageExpiredUponLoggingIn" time="9.213"/>
  <system-out/>
</testsuite> <!-- Frameworks.tests.BlazeDemoLoginTest -->
