<?xml version="1.0" encoding="UTF-8"?>
<!-- Generated by org.testng.reporters.JUnitReportReporter -->
<testsuite hostname="LAPTOP-AI2V30RF" failures="0" tests="1" name="Frameworks.BlazeDemoTest" time="1.280" errors="0" timestamp="2022-08-20T22:08:23 IST" skipped="0">
  <testcase classname="Frameworks.BlazeDemoTest" name="verifyTotalFlightOptionsAreFive" time="1.280"/>
  <system-out/>
</testsuite> <!-- Frameworks.BlazeDemoTest -->
