<?xml version="1.0" encoding="UTF-8"?>
<!-- Generated by org.testng.reporters.JUnitReportReporter -->
<testsuite hostname="LAPTOP-AI2V30RF" failures="0" tests="2" name="Frameworks.BlazeDemoLoginTest" time="10.865" errors="0" timestamp="2022-08-21T21:46:16 IST" skipped="0">
  <testcase classname="Frameworks.BlazeDemoLoginTest" name="verifyApplicationDisplaysPageExpiredUponLoggingIn" time="3.536"/>
  <system-out/>
  <testcase classname="Frameworks.BlazeDemoLoginTest" name="verifyForgotPasswordPageIsOpeningUponClickingOnForgotPasswordButton" time="7.329"/>
  <system-out/>
</testsuite> <!-- Frameworks.BlazeDemoLoginTest -->
