<?xml version="1.0" encoding="UTF-8"?>
<!-- Generated by org.testng.reporters.JUnitReportReporter -->
<testsuite hostname="LAPTOP-AI2V30RF" failures="0" tests="2" name="Frameworks.BlazeDemoTest" time="2.390" errors="0" timestamp="2022-08-21T21:46:16 IST" skipped="0">
  <testcase classname="Frameworks.BlazeDemoTest" name="verifyTotalFlightOptionsAreFive" time="1.210"/>
  <system-out/>
  <testcase classname="Frameworks.BlazeDemoTest" name="verifyThatApplicationDisplaysCorrectDepartureAndDropdownInFlightOptionsPage" time="1.180"/>
  <system-out/>
</testsuite> <!-- Frameworks.BlazeDemoTest -->
