<?xml version="1.0" encoding="UTF-8"?>
<!-- Generated by org.testng.reporters.JUnitReportReporter -->
<testsuite hostname="LAPTOP-AI2V30RF" failures="0" tests="4" name="Frameworks.tests.BlazeDemoLoginTest" time="24.853" errors="0" timestamp="2022-08-31T22:32:59 IST" skipped="0">
  <testcase classname="Frameworks.tests.BlazeDemoLoginTest" name="verifyJsonTestDataTestCase" time="4.656"/>
  <system-out/>
  <testcase classname="Frameworks.tests.BlazeDemoLoginTest" name="verifyJsonTestDataTestCase" time="4.485"/>
  <system-out/>
  <testcase classname="Frameworks.tests.BlazeDemoLoginTest" name="verifyForgotPasswordPageIsOpeningUponClickingOnForgotPasswordButton" time="10.390"/>
  <system-out/>
  <testcase classname="Frameworks.tests.BlazeDemoLoginTest" name="verifyApplicationDisplaysPageExpiredUponLoggingIn" time="5.322"/>
  <system-out/>
</testsuite> <!-- Frameworks.tests.BlazeDemoLoginTest -->
